<?xml version="1.0" encoding="UTF-8"?>
<testsuite xmlns:xsi="http://www.w3.org/2001/XMLSchema-instance" xsi:noNamespaceSchemaLocation="https://maven.apache.org/surefire/maven-surefire-plugin/xsd/surefire-test-report.xsd" name="com.pinyougou.AppTest" time="0.154" tests="1" errors="0" skipped="0" failures="0">
  <properties>
    <property name="sun.desktop" value="windows"/>
    <property name="awt.toolkit" value="sun.awt.windows.WToolkit"/>
    <property name="java.specification.version" value="9"/>
    <property name="file.encoding.pkg" value="sun.io"/>
    <property name="sun.cpu.isalist" value="amd64"/>
    <property name="sun.jnu.encoding" value="GBK"/>
    <property name="java.class.path" value="E:\ideaworkspace\pinyougouparent\pinyougou-sellergoods-interface\target\test-classes;E:\ideaworkspace\pinyougouparent\pinyougou-sellergoods-interface\target\classes;E:\ideaworkspace\pinyougouparent\pinyougou-pojo\target\pinyougou-parent.jar;E:\Maven_repo\junit\junit\4.12\junit-4.12.jar;E:\Maven_repo\org\hamcrest\hamcrest-core\1.3\hamcrest-core-1.3.jar;"/>
    <property name="java.vm.vendor" value="Oracle Corporation"/>
    <property name="sun.arch.data.model" value="64"/>
    <property name="user.variant" value=""/>
    <property name="java.vendor.url" value="http://java.oracle.com/"/>
    <property name="user.timezone" value=""/>
    <property name="java.vm.specification.version" value="9"/>
    <property name="os.name" value="Windows 10"/>
    <property name="sun.java.launcher" value="SUN_STANDARD"/>
    <property name="user.country" value="CN"/>
    <property name="sun.boot.library.path" value="C:\Program Files\Java\jdk-9.0.4\bin"/>
    <property name="sun.java.command" value="C:\Users\pinkill\AppData\Local\Temp\surefire17406767954739835595\surefirebooter2374262417970663885.jar C:\Users\pinkill\AppData\Local\Temp\surefire17406767954739835595 2018-10-27T21-59-58_538-jvmRun1 surefire8766372937266007883tmp surefire_11944204602955807054tmp"/>
    <property name="jdk.debug" value="release"/>
    <property name="surefire.test.class.path" value="E:\ideaworkspace\pinyougouparent\pinyougou-sellergoods-interface\target\test-classes;E:\ideaworkspace\pinyougouparent\pinyougou-sellergoods-interface\target\classes;E:\ideaworkspace\pinyougouparent\pinyougou-pojo\target\pinyougou-parent.jar;E:\Maven_repo\junit\junit\4.12\junit-4.12.jar;E:\Maven_repo\org\hamcrest\hamcrest-core\1.3\hamcrest-core-1.3.jar;"/>
    <property name="sun.cpu.endian" value="little"/>
    <property name="user.home" value="C:\Users\pinkill"/>
    <property name="user.language" value="zh"/>
    <property name="java.specification.vendor" value="Oracle Corporation"/>
    <property name="java.home" value="C:\Program Files\Java\jdk-9.0.4"/>
    <property name="file.separator" value="\"/>
    <property name="basedir" value="E:\ideaworkspace\pinyougouparent\pinyougou-sellergoods-interface"/>
    <property name="java.vm.compressedOopsMode" value="Zero based"/>
    <property name="line.separator" value="&#10;"/>
    <property name="java.vm.specification.vendor" value="Oracle Corporation"/>
    <property name="java.specification.name" value="Java Platform API Specification"/>
    <property name="java.awt.graphicsenv" value="sun.awt.Win32GraphicsEnvironment"/>
    <property name="surefire.real.class.path" value="C:\Users\pinkill\AppData\Local\Temp\surefire17406767954739835595\surefirebooter2374262417970663885.jar"/>
    <property name="user.script" value=""/>
    <property name="sun.management.compiler" value="HotSpot 64-Bit Tiered Compilers"/>
    <property name="java.runtime.version" value="9.0.4+11"/>
    <property name="user.name" value="pinkill"/>
    <property name="path.separator" value=";"/>
    <property name="os.version" value="10.0"/>
    <property name="java.runtime.name" value="Java(TM) SE Runtime Environment"/>
    <property name="file.encoding" value="GBK"/>
    <property name="java.vm.name" value="Java HotSpot(TM) 64-Bit Server VM"/>
    <property name="localRepository" value="E:\Maven_repo"/>
    <property name="java.vendor.url.bug" value="http://bugreport.java.com/bugreport/"/>
    <property name="java.io.tmpdir" value="C:\Users\pinkill\AppData\Local\Temp\"/>
    <property name="idea.version" value="2018.1"/>
    <property name="java.version" value="9.0.4"/>
    <property name="user.dir" value="E:\ideaworkspace\pinyougouparent\pinyougou-sellergoods-interface"/>
    <property name="os.arch" value="amd64"/>
    <property name="java.vm.specification.name" value="Java Virtual Machine Specification"/>
    <property name="java.awt.printerjob" value="sun.awt.windows.WPrinterJob"/>
    <property name="sun.os.patch.level" value=""/>
    <property name="java.library.path" value="C:\Program Files\Java\jdk-9.0.4\bin;C:\WINDOWS\Sun\Java\bin;C:\WINDOWS\system32;C:\WINDOWS;C:\Program Files\Java\jdk1.8.0_181\bin;C:\Program Files\Java\jdk-9.0.4\bin;C:\ProgramData\Oracle\Java\javapath;C:\Program Files (x86)\Common Files\Oracle\Java\javapath;D:\Work\Python;D:\Work\Python\Scripts;D:\MySQL\MySQL Server 5.6\bin;D:\tools\apache-maven-3.2.1\bin;D:\tools\Git\cmd;C:\WINDOWS\system32;C:\WINDOWS;C:\WINDOWS\System32\Wbem;C:\WINDOWS\System32\WindowsPowerShell\v1.0\;C:\workTools\jdk\jdk7\bin;D:\tools\QuickTime\QTSystem\;D:\tools\bin;D:\tools\PuTTY\;C:\WINDOWS\System32\OpenSSH\;D:\tools\Matlab\bin;D:\tools\Matlab\polyspace\bin;D:\tools\Matlab\runtime\win64;C:\Users\pinkill\AppData\Local\Microsoft\WindowsApps;D:\Work\Python\Scripts;C:\Users\pinkill\AppData\Local\GitHubDesktop\bin;C:\Users\pinkill\AppData\Local\Microsoft\WindowsApps;;."/>
    <property name="java.vm.info" value="mixed mode"/>
    <property name="java.vendor" value="Oracle Corporation"/>
    <property name="java.vm.version" value="9.0.4+11"/>
    <property name="sun.io.unicode.encoding" value="UnicodeLittle"/>
    <property name="maven.repo.local" value="E:\Maven_repo"/>
    <property name="java.class.version" value="53.0"/>
  </properties>
  <testcase name="shouldAnswerWithTrue" classname="com.pinyougou.AppTest" time="0.002"/>
</testsuite>