<?xml version="1.0" encoding="UTF-8"?>
<testsuite xmlns:xsi="http://www.w3.org/2001/XMLSchema-instance" xsi:noNamespaceSchemaLocation="https://maven.apache.org/surefire/maven-surefire-plugin/xsd/surefire-test-report.xsd" name="com.pinyougou.AppTest" time="0.123" tests="1" errors="0" skipped="0" failures="0">
  <properties>
    <property name="sun.desktop" value="windows"/>
    <property name="awt.toolkit" value="sun.awt.windows.WToolkit"/>
    <property name="java.specification.version" value="9"/>
    <property name="file.encoding.pkg" value="sun.io"/>
    <property name="sun.cpu.isalist" value="amd64"/>
    <property name="sun.jnu.encoding" value="GBK"/>
    <property name="java.class.path" value="E:\ideaworkspace\pinyougou\pinyougouparent\pinyougou-sellergoods-interface\target\test-classes;E:\ideaworkspace\pinyougou\pinyougouparent\pinyougou-sellergoods-interface\target\classes;E:\ideaworkspace\pinyougou\pinyougouparent\pinyougou-pojo\target\pinyougou-parent.jar;E:\Maven_repo\org\springframework\data\spring-data-solr\1.5.5.RELEASE\spring-data-solr-1.5.5.RELEASE.jar;E:\Maven_repo\org\springframework\spring-tx\4.1.9.RELEASE\spring-tx-4.1.9.RELEASE.jar;E:\Maven_repo\org\springframework\data\spring-data-commons\1.11.5.RELEASE\spring-data-commons-1.11.5.RELEASE.jar;E:\Maven_repo\org\apache\commons\commons-lang3\3.1\commons-lang3-3.1.jar;E:\Maven_repo\commons-collections\commons-collections\3.2.1\commons-collections-3.2.1.jar;E:\Maven_repo\org\apache\httpcomponents\httpclient\4.5.3\httpclient-4.5.3.jar;E:\Maven_repo\org\apache\httpcomponents\httpcore\4.4.4\httpcore-4.4.4.jar;E:\Maven_repo\commons-codec\commons-codec\1.10\commons-codec-1.10.jar;E:\Maven_repo\org\apache\httpcomponents\httpmime\4.2.2\httpmime-4.2.2.jar;E:\Maven_repo\org\apache\httpcomponents\httpclient-cache\4.2.2\httpclient-cache-4.2.2.jar;E:\Maven_repo\org\apache\solr\solr-solrj\4.10.3\solr-solrj-4.10.3.jar;E:\Maven_repo\commons-io\commons-io\1.4\commons-io-1.4.jar;E:\Maven_repo\org\apache\zookeeper\zookeeper\3.4.7\zookeeper-3.4.7.jar;E:\Maven_repo\org\codehaus\woodstox\wstx-asl\3.2.7\wstx-asl-3.2.7.jar;E:\Maven_repo\org\noggit\noggit\0.5\noggit-0.5.jar;E:\Maven_repo\com\fasterxml\jackson\core\jackson-databind\2.6.7\jackson-databind-2.6.7.jar;E:\Maven_repo\com\fasterxml\jackson\core\jackson-annotations\2.6.0\jackson-annotations-2.6.0.jar;E:\Maven_repo\com\fasterxml\jackson\core\jackson-core\2.6.7\jackson-core-2.6.7.jar;E:\Maven_repo\org\slf4j\slf4j-api\1.7.21\slf4j-api-1.7.21.jar;E:\Maven_repo\org\slf4j\jcl-over-slf4j\1.7.21\jcl-over-slf4j-1.7.21.jar;E:\Maven_repo\org\springframework\spring-context\4.2.4.RELEASE\spring-context-4.2.4.RELEASE.jar;E:\Maven_repo\org\springframework\spring-aop\4.2.4.RELEASE\spring-aop-4.2.4.RELEASE.jar;E:\Maven_repo\aopalliance\aopalliance\1.0\aopalliance-1.0.jar;E:\Maven_repo\org\springframework\spring-core\4.2.4.RELEASE\spring-core-4.2.4.RELEASE.jar;E:\Maven_repo\commons-logging\commons-logging\1.2\commons-logging-1.2.jar;E:\Maven_repo\org\springframework\spring-expression\4.2.4.RELEASE\spring-expression-4.2.4.RELEASE.jar;E:\Maven_repo\org\springframework\spring-beans\4.2.4.RELEASE\spring-beans-4.2.4.RELEASE.jar;E:\Maven_repo\org\springframework\spring-webmvc\4.2.4.RELEASE\spring-webmvc-4.2.4.RELEASE.jar;E:\Maven_repo\org\springframework\spring-web\4.2.4.RELEASE\spring-web-4.2.4.RELEASE.jar;E:\Maven_repo\org\springframework\spring-jdbc\4.2.4.RELEASE\spring-jdbc-4.2.4.RELEASE.jar;E:\Maven_repo\org\springframework\spring-aspects\4.2.4.RELEASE\spring-aspects-4.2.4.RELEASE.jar;E:\Maven_repo\org\aspectj\aspectjweaver\1.8.7\aspectjweaver-1.8.7.jar;E:\Maven_repo\org\springframework\spring-jms\4.2.4.RELEASE\spring-jms-4.2.4.RELEASE.jar;E:\Maven_repo\org\springframework\spring-messaging\4.2.4.RELEASE\spring-messaging-4.2.4.RELEASE.jar;E:\Maven_repo\org\springframework\spring-context-support\4.2.4.RELEASE\spring-context-support-4.2.4.RELEASE.jar;E:\Maven_repo\org\springframework\spring-test\4.2.4.RELEASE\spring-test-4.2.4.RELEASE.jar;E:\Maven_repo\junit\junit\4.12\junit-4.12.jar;E:\Maven_repo\org\hamcrest\hamcrest-core\1.3\hamcrest-core-1.3.jar;"/>
    <property name="java.vm.vendor" value="Oracle Corporation"/>
    <property name="sun.arch.data.model" value="64"/>
    <property name="user.variant" value=""/>
    <property name="java.vendor.url" value="http://java.oracle.com/"/>
    <property name="user.timezone" value=""/>
    <property name="java.vm.specification.version" value="9"/>
    <property name="os.name" value="Windows 10"/>
    <property name="sun.java.launcher" value="SUN_STANDARD"/>
    <property name="user.country" value="CN"/>
    <property name="sun.boot.library.path" value="C:\Program Files\Java\jdk-9.0.4\bin"/>
    <property name="sun.java.command" value="C:\Users\pinkill\AppData\Local\Temp\surefire3188185085606133886\surefirebooter12879309193875114895.jar C:\Users\pinkill\AppData\Local\Temp\surefire3188185085606133886 2018-11-06T16-52-30_241-jvmRun1 surefire9332571977817931569tmp surefire_02597032044531280831tmp"/>
    <property name="jdk.debug" value="release"/>
    <property name="surefire.test.class.path" value="E:\ideaworkspace\pinyougou\pinyougouparent\pinyougou-sellergoods-interface\target\test-classes;E:\ideaworkspace\pinyougou\pinyougouparent\pinyougou-sellergoods-interface\target\classes;E:\ideaworkspace\pinyougou\pinyougouparent\pinyougou-pojo\target\pinyougou-parent.jar;E:\Maven_repo\org\springframework\data\spring-data-solr\1.5.5.RELEASE\spring-data-solr-1.5.5.RELEASE.jar;E:\Maven_repo\org\springframework\spring-tx\4.1.9.RELEASE\spring-tx-4.1.9.RELEASE.jar;E:\Maven_repo\org\springframework\data\spring-data-commons\1.11.5.RELEASE\spring-data-commons-1.11.5.RELEASE.jar;E:\Maven_repo\org\apache\commons\commons-lang3\3.1\commons-lang3-3.1.jar;E:\Maven_repo\commons-collections\commons-collections\3.2.1\commons-collections-3.2.1.jar;E:\Maven_repo\org\apache\httpcomponents\httpclient\4.5.3\httpclient-4.5.3.jar;E:\Maven_repo\org\apache\httpcomponents\httpcore\4.4.4\httpcore-4.4.4.jar;E:\Maven_repo\commons-codec\commons-codec\1.10\commons-codec-1.10.jar;E:\Maven_repo\org\apache\httpcomponents\httpmime\4.2.2\httpmime-4.2.2.jar;E:\Maven_repo\org\apache\httpcomponents\httpclient-cache\4.2.2\httpclient-cache-4.2.2.jar;E:\Maven_repo\org\apache\solr\solr-solrj\4.10.3\solr-solrj-4.10.3.jar;E:\Maven_repo\commons-io\commons-io\1.4\commons-io-1.4.jar;E:\Maven_repo\org\apache\zookeeper\zookeeper\3.4.7\zookeeper-3.4.7.jar;E:\Maven_repo\org\codehaus\woodstox\wstx-asl\3.2.7\wstx-asl-3.2.7.jar;E:\Maven_repo\org\noggit\noggit\0.5\noggit-0.5.jar;E:\Maven_repo\com\fasterxml\jackson\core\jackson-databind\2.6.7\jackson-databind-2.6.7.jar;E:\Maven_repo\com\fasterxml\jackson\core\jackson-annotations\2.6.0\jackson-annotations-2.6.0.jar;E:\Maven_repo\com\fasterxml\jackson\core\jackson-core\2.6.7\jackson-core-2.6.7.jar;E:\Maven_repo\org\slf4j\slf4j-api\1.7.21\slf4j-api-1.7.21.jar;E:\Maven_repo\org\slf4j\jcl-over-slf4j\1.7.21\jcl-over-slf4j-1.7.21.jar;E:\Maven_repo\org\springframework\spring-context\4.2.4.RELEASE\spring-context-4.2.4.RELEASE.jar;E:\Maven_repo\org\springframework\spring-aop\4.2.4.RELEASE\spring-aop-4.2.4.RELEASE.jar;E:\Maven_repo\aopalliance\aopalliance\1.0\aopalliance-1.0.jar;E:\Maven_repo\org\springframework\spring-core\4.2.4.RELEASE\spring-core-4.2.4.RELEASE.jar;E:\Maven_repo\commons-logging\commons-logging\1.2\commons-logging-1.2.jar;E:\Maven_repo\org\springframework\spring-expression\4.2.4.RELEASE\spring-expression-4.2.4.RELEASE.jar;E:\Maven_repo\org\springframework\spring-beans\4.2.4.RELEASE\spring-beans-4.2.4.RELEASE.jar;E:\Maven_repo\org\springframework\spring-webmvc\4.2.4.RELEASE\spring-webmvc-4.2.4.RELEASE.jar;E:\Maven_repo\org\springframework\spring-web\4.2.4.RELEASE\spring-web-4.2.4.RELEASE.jar;E:\Maven_repo\org\springframework\spring-jdbc\4.2.4.RELEASE\spring-jdbc-4.2.4.RELEASE.jar;E:\Maven_repo\org\springframework\spring-aspects\4.2.4.RELEASE\spring-aspects-4.2.4.RELEASE.jar;E:\Maven_repo\org\aspectj\aspectjweaver\1.8.7\aspectjweaver-1.8.7.jar;E:\Maven_repo\org\springframework\spring-jms\4.2.4.RELEASE\spring-jms-4.2.4.RELEASE.jar;E:\Maven_repo\org\springframework\spring-messaging\4.2.4.RELEASE\spring-messaging-4.2.4.RELEASE.jar;E:\Maven_repo\org\springframework\spring-context-support\4.2.4.RELEASE\spring-context-support-4.2.4.RELEASE.jar;E:\Maven_repo\org\springframework\spring-test\4.2.4.RELEASE\spring-test-4.2.4.RELEASE.jar;E:\Maven_repo\junit\junit\4.12\junit-4.12.jar;E:\Maven_repo\org\hamcrest\hamcrest-core\1.3\hamcrest-core-1.3.jar;"/>
    <property name="sun.cpu.endian" value="little"/>
    <property name="user.home" value="C:\Users\pinkill"/>
    <property name="user.language" value="zh"/>
    <property name="java.specification.vendor" value="Oracle Corporation"/>
    <property name="java.home" value="C:\Program Files\Java\jdk-9.0.4"/>
    <property name="file.separator" value="\"/>
    <property name="basedir" value="E:\ideaworkspace\pinyougou\pinyougouparent\pinyougou-sellergoods-interface"/>
    <property name="java.vm.compressedOopsMode" value="Zero based"/>
    <property name="line.separator" value="&#10;"/>
    <property name="java.vm.specification.vendor" value="Oracle Corporation"/>
    <property name="java.specification.name" value="Java Platform API Specification"/>
    <property name="java.awt.graphicsenv" value="sun.awt.Win32GraphicsEnvironment"/>
    <property name="surefire.real.class.path" value="C:\Users\pinkill\AppData\Local\Temp\surefire3188185085606133886\surefirebooter12879309193875114895.jar"/>
    <property name="user.script" value=""/>
    <property name="sun.management.compiler" value="HotSpot 64-Bit Tiered Compilers"/>
    <property name="java.runtime.version" value="9.0.4+11"/>
    <property name="user.name" value="pinkill"/>
    <property name="path.separator" value=";"/>
    <property name="os.version" value="10.0"/>
    <property name="java.runtime.name" value="Java(TM) SE Runtime Environment"/>
    <property name="file.encoding" value="GBK"/>
    <property name="java.vm.name" value="Java HotSpot(TM) 64-Bit Server VM"/>
    <property name="localRepository" value="E:\Maven_repo"/>
    <property name="java.vendor.url.bug" value="http://bugreport.java.com/bugreport/"/>
    <property name="java.io.tmpdir" value="C:\Users\pinkill\AppData\Local\Temp\"/>
    <property name="idea.version" value="2018.1"/>
    <property name="java.version" value="9.0.4"/>
    <property name="user.dir" value="E:\ideaworkspace\pinyougou\pinyougouparent\pinyougou-sellergoods-interface"/>
    <property name="os.arch" value="amd64"/>
    <property name="java.vm.specification.name" value="Java Virtual Machine Specification"/>
    <property name="java.awt.printerjob" value="sun.awt.windows.WPrinterJob"/>
    <property name="sun.os.patch.level" value=""/>
    <property name="java.library.path" value="C:\Program Files\Java\jdk-9.0.4\bin;C:\WINDOWS\Sun\Java\bin;C:\WINDOWS\system32;C:\WINDOWS;C:\Program Files\Java\jdk1.8.0_181\bin;C:\Program Files\Java\jdk-9.0.4\bin;C:\ProgramData\Oracle\Java\javapath;C:\Program Files (x86)\Common Files\Oracle\Java\javapath;D:\Work\Python;D:\Work\Python\Scripts;D:\MySQL\MySQL Server 5.6\bin;D:\tools\apache-maven-3.2.1\bin;D:\tools\Git\cmd;C:\WINDOWS\system32;C:\WINDOWS;C:\WINDOWS\System32\Wbem;C:\WINDOWS\System32\WindowsPowerShell\v1.0\;C:\workTools\jdk\jdk7\bin;D:\tools\QuickTime\QTSystem\;D:\tools\bin;D:\tools\PuTTY\;C:\WINDOWS\System32\OpenSSH\;D:\tools\Matlab\bin;D:\tools\Matlab\polyspace\bin;D:\tools\Matlab\runtime\win64;C:\Users\pinkill\AppData\Local\Microsoft\WindowsApps;D:\Work\Python\Scripts;C:\Users\pinkill\AppData\Local\GitHubDesktop\bin;C:\Users\pinkill\AppData\Local\Microsoft\WindowsApps;;."/>
    <property name="java.vm.info" value="mixed mode"/>
    <property name="java.vendor" value="Oracle Corporation"/>
    <property name="java.vm.version" value="9.0.4+11"/>
    <property name="sun.io.unicode.encoding" value="UnicodeLittle"/>
    <property name="maven.repo.local" value="E:\Maven_repo"/>
    <property name="java.class.version" value="53.0"/>
  </properties>
  <testcase name="shouldAnswerWithTrue" classname="com.pinyougou.AppTest" time="0.005"/>
</testsuite>